[22-Oct-2017 17:41:47 Asia/Kolkata] PHP Notice:  Use of undefined constant connect - assumed 'connect' in /home/searchke/public_html/connect.php on line 8
[22-Oct-2017 17:41:47 Asia/Kolkata] PHP Notice:  Undefined index: nameid in /home/searchke/public_html/insert.php on line 3
[22-Oct-2017 17:41:47 Asia/Kolkata] PHP Notice:  Undefined index: emailid in /home/searchke/public_html/insert.php on line 4
[22-Oct-2017 17:41:47 Asia/Kolkata] PHP Notice:  Undefined index: mobileid in /home/searchke/public_html/insert.php on line 5
[22-Oct-2017 17:41:47 Asia/Kolkata] PHP Notice:  Undefined index: jokeid in /home/searchke/public_html/insert.php on line 6
[22-Oct-2017 17:41:47 Asia/Kolkata] PHP Warning:  mysqli_error() expects exactly 1 parameter, 0 given in /home/searchke/public_html/insert.php on line 14
[29-Oct-2017 22:24:03 Asia/Kolkata] PHP Notice:  Use of undefined constant connect - assumed 'connect' in /home/searchke/public_html/connect.php on line 8
[23-Nov-2017 17:08:47 Asia/Kolkata] PHP Notice:  Use of undefined constant connect - assumed 'connect' in /home/searchke/public_html/connect.php on line 8
[23-Nov-2017 17:09:41 Asia/Kolkata] PHP Notice:  Use of undefined constant connect - assumed 'connect' in /home/searchke/public_html/connect.php on line 8
[23-Nov-2017 17:09:48 Asia/Kolkata] PHP Notice:  Use of undefined constant connect - assumed 'connect' in /home/searchke/public_html/connect.php on line 8
[26-Nov-2017 06:25:14 Asia/Kolkata] PHP Notice:  Use of undefined constant connect - assumed 'connect' in /home/searchke/public_html/connect.php on line 8
[26-Nov-2017 06:25:14 Asia/Kolkata] PHP Notice:  Undefined index: nameid in /home/searchke/public_html/insert.php on line 3
[26-Nov-2017 06:25:14 Asia/Kolkata] PHP Notice:  Undefined index: emailid in /home/searchke/public_html/insert.php on line 4
[26-Nov-2017 06:25:14 Asia/Kolkata] PHP Notice:  Undefined index: mobileid in /home/searchke/public_html/insert.php on line 5
[26-Nov-2017 06:25:14 Asia/Kolkata] PHP Notice:  Undefined index: jokeid in /home/searchke/public_html/insert.php on line 6
[26-Nov-2017 06:25:14 Asia/Kolkata] PHP Warning:  mysqli_error() expects exactly 1 parameter, 0 given in /home/searchke/public_html/insert.php on line 14
[07-Dec-2017 14:34:00 Asia/Kolkata] PHP Notice:  Use of undefined constant connect - assumed 'connect' in /home/searchke/public_html/connect.php on line 8
[03-Jan-2018 00:36:10 Asia/Kolkata] PHP Notice:  Use of undefined constant connect - assumed 'connect' in /home/searchke/public_html/connect.php on line 8
[03-Jan-2018 00:36:10 Asia/Kolkata] PHP Notice:  Undefined index: nameid in /home/searchke/public_html/insert.php on line 3
[03-Jan-2018 00:36:10 Asia/Kolkata] PHP Notice:  Undefined index: emailid in /home/searchke/public_html/insert.php on line 4
[03-Jan-2018 00:36:10 Asia/Kolkata] PHP Notice:  Undefined index: mobileid in /home/searchke/public_html/insert.php on line 5
[03-Jan-2018 00:36:10 Asia/Kolkata] PHP Notice:  Undefined index: jokeid in /home/searchke/public_html/insert.php on line 6
[03-Jan-2018 00:36:10 Asia/Kolkata] PHP Warning:  mysqli_error() expects exactly 1 parameter, 0 given in /home/searchke/public_html/insert.php on line 14
[12-Jan-2018 20:29:05 Asia/Kolkata] PHP Notice:  Use of undefined constant connect - assumed 'connect' in /home/searchke/public_html/connect.php on line 8
[12-Jan-2018 20:32:06 Asia/Kolkata] PHP Notice:  Use of undefined constant connect - assumed 'connect' in /home/searchke/public_html/connect.php on line 8
[12-Jan-2018 20:32:20 Asia/Kolkata] PHP Notice:  Use of undefined constant connect - assumed 'connect' in /home/searchke/public_html/connect.php on line 8
[12-Jan-2018 20:32:20 Asia/Kolkata] PHP Notice:  Undefined index: nameid in /home/searchke/public_html/insert.php on line 3
[12-Jan-2018 20:32:20 Asia/Kolkata] PHP Notice:  Undefined index: emailid in /home/searchke/public_html/insert.php on line 4
[12-Jan-2018 20:32:20 Asia/Kolkata] PHP Notice:  Undefined index: mobileid in /home/searchke/public_html/insert.php on line 5
[12-Jan-2018 20:32:20 Asia/Kolkata] PHP Notice:  Undefined index: jokeid in /home/searchke/public_html/insert.php on line 6
[12-Jan-2018 20:32:20 Asia/Kolkata] PHP Warning:  mysqli_error() expects exactly 1 parameter, 0 given in /home/searchke/public_html/insert.php on line 14
[12-Jan-2018 20:32:46 Asia/Kolkata] PHP Notice:  Use of undefined constant connect - assumed 'connect' in /home/searchke/public_html/connect.php on line 8
[12-Jan-2018 20:32:46 Asia/Kolkata] PHP Notice:  Undefined index: nameid in /home/searchke/public_html/insert.php on line 3
[12-Jan-2018 20:32:46 Asia/Kolkata] PHP Notice:  Undefined index: emailid in /home/searchke/public_html/insert.php on line 4
[12-Jan-2018 20:32:46 Asia/Kolkata] PHP Notice:  Undefined index: mobileid in /home/searchke/public_html/insert.php on line 5
[12-Jan-2018 20:32:46 Asia/Kolkata] PHP Notice:  Undefined index: jokeid in /home/searchke/public_html/insert.php on line 6
[12-Jan-2018 20:32:46 Asia/Kolkata] PHP Warning:  mysqli_error() expects exactly 1 parameter, 0 given in /home/searchke/public_html/insert.php on line 14
[26-Jan-2018 14:05:10 Asia/Kolkata] PHP Notice:  Use of undefined constant connect - assumed 'connect' in /home/searchke/public_html/connect.php on line 8
[09-Feb-2018 12:47:23 Asia/Kolkata] PHP Notice:  Use of undefined constant connect - assumed 'connect' in /home/searchke/public_html/connect.php on line 8
[09-Feb-2018 12:47:23 Asia/Kolkata] PHP Notice:  Undefined index: nameid in /home/searchke/public_html/insert.php on line 3
[09-Feb-2018 12:47:23 Asia/Kolkata] PHP Notice:  Undefined index: emailid in /home/searchke/public_html/insert.php on line 4
[09-Feb-2018 12:47:23 Asia/Kolkata] PHP Notice:  Undefined index: mobileid in /home/searchke/public_html/insert.php on line 5
[09-Feb-2018 12:47:23 Asia/Kolkata] PHP Notice:  Undefined index: jokeid in /home/searchke/public_html/insert.php on line 6
[09-Feb-2018 12:47:23 Asia/Kolkata] PHP Warning:  mysqli_error() expects exactly 1 parameter, 0 given in /home/searchke/public_html/insert.php on line 14
[05-Mar-2018 06:35:00 Asia/Kolkata] PHP Warning:  mysqli_connect(): (28000/1045): Access denied for user 'searchkero_vinayak'@'localhost' (using password: YES) in /home/searchke/public_html/connect.php on line 12
[05-Mar-2018 06:35:00 Asia/Kolkata] PHP Notice:  Use of undefined constant mysqli_connect_error - assumed 'mysqli_connect_error' in /home/searchke/public_html/connect.php on line 14
[04-Apr-2018 13:21:38 Asia/Kolkata] PHP Warning:  mysqli_connect(): (28000/1045): Access denied for user 'searchkero_vinayak'@'localhost' (using password: YES) in /home/searchke/public_html/connect.php on line 12
[04-Apr-2018 13:21:38 Asia/Kolkata] PHP Notice:  Use of undefined constant mysqli_connect_error - assumed 'mysqli_connect_error' in /home/searchke/public_html/connect.php on line 14
[04-Apr-2018 13:29:54 Asia/Kolkata] PHP Warning:  mysqli_connect(): (28000/1045): Access denied for user 'searchkero_vinayak'@'localhost' (using password: YES) in /home/searchke/public_html/connect.php on line 12
[04-Apr-2018 13:29:54 Asia/Kolkata] PHP Notice:  Use of undefined constant mysqli_connect_error - assumed 'mysqli_connect_error' in /home/searchke/public_html/connect.php on line 14
[05-Apr-2018 10:47:35 Asia/Kolkata] PHP Warning:  mysqli_connect(): (28000/1045): Access denied for user 'searchkero_vinayak'@'localhost' (using password: YES) in /home/searchke/public_html/connect.php on line 12
[05-Apr-2018 10:47:35 Asia/Kolkata] PHP Notice:  Use of undefined constant mysqli_connect_error - assumed 'mysqli_connect_error' in /home/searchke/public_html/connect.php on line 14
[05-Apr-2018 10:47:35 Asia/Kolkata] PHP Notice:  Undefined index: name in /home/searchke/public_html/insert.php on line 3
[05-Apr-2018 10:47:35 Asia/Kolkata] PHP Notice:  Undefined index: email in /home/searchke/public_html/insert.php on line 5
[05-Apr-2018 10:47:35 Asia/Kolkata] PHP Warning:  mysqli_query() expects parameter 1 to be mysqli, boolean given in /home/searchke/public_html/insert.php on line 8
[05-Apr-2018 10:47:35 Asia/Kolkata] PHP Warning:  mysqli_error() expects exactly 1 parameter, 0 given in /home/searchke/public_html/insert.php on line 12
[19-Apr-2018 16:12:05 Asia/Kolkata] PHP Warning:  mysqli_connect(): (28000/1045): Access denied for user 'searchkero_vinayak'@'localhost' (using password: YES) in /home/searchke/public_html/connect.php on line 12
[19-Apr-2018 16:12:05 Asia/Kolkata] PHP Notice:  Use of undefined constant mysqli_connect_error - assumed 'mysqli_connect_error' in /home/searchke/public_html/connect.php on line 14
[16-May-2018 15:41:11 Asia/Kolkata] PHP Warning:  mysqli_connect(): (28000/1045): Access denied for user 'searchkero_vinayak'@'localhost' (using password: YES) in /home/searchke/public_html/connect.php on line 12
[16-May-2018 15:41:11 Asia/Kolkata] PHP Notice:  Use of undefined constant mysqli_connect_error - assumed 'mysqli_connect_error' in /home/searchke/public_html/connect.php on line 14
[16-May-2018 15:41:11 Asia/Kolkata] PHP Notice:  Undefined index: name in /home/searchke/public_html/insert.php on line 3
[16-May-2018 15:41:11 Asia/Kolkata] PHP Notice:  Undefined index: email in /home/searchke/public_html/insert.php on line 5
[16-May-2018 15:41:11 Asia/Kolkata] PHP Warning:  mysqli_query() expects parameter 1 to be mysqli, boolean given in /home/searchke/public_html/insert.php on line 8
[16-May-2018 15:41:11 Asia/Kolkata] PHP Warning:  mysqli_error() expects exactly 1 parameter, 0 given in /home/searchke/public_html/insert.php on line 12
[31-May-2018 01:32:22 Asia/Kolkata] PHP Warning:  mysqli_connect(): (28000/1045): Access denied for user 'searchkero_vinayak'@'localhost' (using password: YES) in /home/searchke/public_html/connect.php on line 12
[31-May-2018 01:32:22 Asia/Kolkata] PHP Notice:  Use of undefined constant mysqli_connect_error - assumed 'mysqli_connect_error' in /home/searchke/public_html/connect.php on line 14
[03-Jun-2018 19:40:16 Asia/Kolkata] PHP Warning:  mysqli_connect(): (28000/1045): Access denied for user 'searchkero_vinayak'@'localhost' (using password: YES) in /home/searchke/public_html/connect.php on line 12
[03-Jun-2018 19:40:16 Asia/Kolkata] PHP Notice:  Use of undefined constant mysqli_connect_error - assumed 'mysqli_connect_error' in /home/searchke/public_html/connect.php on line 14
[03-Jun-2018 19:41:09 Asia/Kolkata] PHP Warning:  mysqli_connect(): (28000/1045): Access denied for user 'searchkero_vinayak'@'localhost' (using password: YES) in /home/searchke/public_html/connect.php on line 12
[03-Jun-2018 19:41:09 Asia/Kolkata] PHP Notice:  Use of undefined constant mysqli_connect_error - assumed 'mysqli_connect_error' in /home/searchke/public_html/connect.php on line 14
[03-Jun-2018 19:42:06 Asia/Kolkata] PHP Warning:  mysqli_connect(): (28000/1045): Access denied for user 'searchkero_vinayak'@'localhost' (using password: YES) in /home/searchke/public_html/connect.php on line 12
[03-Jun-2018 19:42:06 Asia/Kolkata] PHP Notice:  Use of undefined constant mysqli_connect_error - assumed 'mysqli_connect_error' in /home/searchke/public_html/connect.php on line 14
[03-Jun-2018 19:42:08 Asia/Kolkata] PHP Warning:  mysqli_connect(): (28000/1045): Access denied for user 'searchkero_vinayak'@'localhost' (using password: YES) in /home/searchke/public_html/connect.php on line 12
[03-Jun-2018 19:42:08 Asia/Kolkata] PHP Notice:  Use of undefined constant mysqli_connect_error - assumed 'mysqli_connect_error' in /home/searchke/public_html/connect.php on line 14
[03-Jun-2018 19:42:16 Asia/Kolkata] PHP Warning:  mysqli_connect(): (28000/1045): Access denied for user 'searchkero_vinayak'@'localhost' (using password: YES) in /home/searchke/public_html/connect.php on line 12
[03-Jun-2018 19:42:16 Asia/Kolkata] PHP Notice:  Use of undefined constant mysqli_connect_error - assumed 'mysqli_connect_error' in /home/searchke/public_html/connect.php on line 14
[03-Jun-2018 22:22:28 Asia/Kolkata] PHP Warning:  mysqli_connect(): (28000/1045): Access denied for user 'searchkero_vinayak'@'localhost' (using password: YES) in /home/searchke/public_html/connect.php on line 12
[03-Jun-2018 22:22:28 Asia/Kolkata] PHP Notice:  Use of undefined constant mysqli_connect_error - assumed 'mysqli_connect_error' in /home/searchke/public_html/connect.php on line 14
[04-Jun-2018 17:36:56 Asia/Kolkata] PHP Warning:  mysqli_connect(): (28000/1045): Access denied for user 'searchkero_vinayak'@'localhost' (using password: YES) in /home/searchke/public_html/connect.php on line 12
[04-Jun-2018 17:36:56 Asia/Kolkata] PHP Notice:  Use of undefined constant mysqli_connect_error - assumed 'mysqli_connect_error' in /home/searchke/public_html/connect.php on line 14
[04-Jun-2018 17:36:56 Asia/Kolkata] PHP Warning:  mysqli_query() expects parameter 1 to be mysqli, boolean given in /home/searchke/public_html/insert.php on line 8
[04-Jun-2018 17:36:56 Asia/Kolkata] PHP Warning:  mysqli_error() expects exactly 1 parameter, 0 given in /home/searchke/public_html/insert.php on line 12
[04-Jun-2018 17:37:03 Asia/Kolkata] PHP Warning:  mysqli_connect(): (28000/1045): Access denied for user 'searchkero_vinayak'@'localhost' (using password: YES) in /home/searchke/public_html/connect.php on line 12
[04-Jun-2018 17:37:03 Asia/Kolkata] PHP Notice:  Use of undefined constant mysqli_connect_error - assumed 'mysqli_connect_error' in /home/searchke/public_html/connect.php on line 14
[04-Jun-2018 17:37:03 Asia/Kolkata] PHP Warning:  mysqli_query() expects parameter 1 to be mysqli, boolean given in /home/searchke/public_html/insert.php on line 8
[04-Jun-2018 17:37:03 Asia/Kolkata] PHP Warning:  mysqli_error() expects exactly 1 parameter, 0 given in /home/searchke/public_html/insert.php on line 12
[04-Jun-2018 17:39:09 Asia/Kolkata] PHP Warning:  mysqli_connect(): (28000/1045): Access denied for user 'searchkero_vinayak'@'localhost' (using password: YES) in /home/searchke/public_html/connect.php on line 12
[04-Jun-2018 17:39:09 Asia/Kolkata] PHP Notice:  Use of undefined constant mysqli_connect_error - assumed 'mysqli_connect_error' in /home/searchke/public_html/connect.php on line 14
[04-Jun-2018 17:39:09 Asia/Kolkata] PHP Warning:  mysqli_query() expects parameter 1 to be mysqli, boolean given in /home/searchke/public_html/insert.php on line 8
[04-Jun-2018 17:39:09 Asia/Kolkata] PHP Warning:  mysqli_error() expects exactly 1 parameter, 0 given in /home/searchke/public_html/insert.php on line 12
[04-Jun-2018 17:39:10 Asia/Kolkata] PHP Warning:  mysqli_connect(): (28000/1045): Access denied for user 'searchkero_vinayak'@'localhost' (using password: YES) in /home/searchke/public_html/connect.php on line 12
[04-Jun-2018 17:39:10 Asia/Kolkata] PHP Notice:  Use of undefined constant mysqli_connect_error - assumed 'mysqli_connect_error' in /home/searchke/public_html/connect.php on line 14
[04-Jun-2018 17:39:10 Asia/Kolkata] PHP Warning:  mysqli_query() expects parameter 1 to be mysqli, boolean given in /home/searchke/public_html/insert.php on line 8
[04-Jun-2018 17:39:10 Asia/Kolkata] PHP Warning:  mysqli_error() expects exactly 1 parameter, 0 given in /home/searchke/public_html/insert.php on line 12
[04-Jun-2018 17:39:11 Asia/Kolkata] PHP Warning:  mysqli_connect(): (28000/1045): Access denied for user 'searchkero_vinayak'@'localhost' (using password: YES) in /home/searchke/public_html/connect.php on line 12
[04-Jun-2018 17:39:11 Asia/Kolkata] PHP Notice:  Use of undefined constant mysqli_connect_error - assumed 'mysqli_connect_error' in /home/searchke/public_html/connect.php on line 14
[04-Jun-2018 17:39:11 Asia/Kolkata] PHP Notice:  Undefined index: name in /home/searchke/public_html/insert.php on line 3
[04-Jun-2018 17:39:11 Asia/Kolkata] PHP Notice:  Undefined index: email in /home/searchke/public_html/insert.php on line 5
[04-Jun-2018 17:39:11 Asia/Kolkata] PHP Warning:  mysqli_query() expects parameter 1 to be mysqli, boolean given in /home/searchke/public_html/insert.php on line 8
[04-Jun-2018 17:39:11 Asia/Kolkata] PHP Warning:  mysqli_error() expects exactly 1 parameter, 0 given in /home/searchke/public_html/insert.php on line 12
[04-Jun-2018 17:39:12 Asia/Kolkata] PHP Warning:  mysqli_connect(): (28000/1045): Access denied for user 'searchkero_vinayak'@'localhost' (using password: YES) in /home/searchke/public_html/connect.php on line 12
[04-Jun-2018 17:39:12 Asia/Kolkata] PHP Notice:  Use of undefined constant mysqli_connect_error - assumed 'mysqli_connect_error' in /home/searchke/public_html/connect.php on line 14
[04-Jun-2018 17:39:12 Asia/Kolkata] PHP Warning:  mysqli_query() expects parameter 1 to be mysqli, boolean given in /home/searchke/public_html/insert.php on line 8
[04-Jun-2018 17:39:12 Asia/Kolkata] PHP Warning:  mysqli_error() expects exactly 1 parameter, 0 given in /home/searchke/public_html/insert.php on line 12
[04-Jun-2018 17:39:12 Asia/Kolkata] PHP Warning:  mysqli_connect(): (28000/1045): Access denied for user 'searchkero_vinayak'@'localhost' (using password: YES) in /home/searchke/public_html/connect.php on line 12
[04-Jun-2018 17:39:12 Asia/Kolkata] PHP Notice:  Use of undefined constant mysqli_connect_error - assumed 'mysqli_connect_error' in /home/searchke/public_html/connect.php on line 14
[04-Jun-2018 17:39:12 Asia/Kolkata] PHP Warning:  mysqli_query() expects parameter 1 to be mysqli, boolean given in /home/searchke/public_html/insert.php on line 8
[04-Jun-2018 17:39:12 Asia/Kolkata] PHP Warning:  mysqli_error() expects exactly 1 parameter, 0 given in /home/searchke/public_html/insert.php on line 12
[04-Jun-2018 17:39:12 Asia/Kolkata] PHP Warning:  mysqli_connect(): (28000/1045): Access denied for user 'searchkero_vinayak'@'localhost' (using password: YES) in /home/searchke/public_html/connect.php on line 12
[04-Jun-2018 17:39:12 Asia/Kolkata] PHP Notice:  Use of undefined constant mysqli_connect_error - assumed 'mysqli_connect_error' in /home/searchke/public_html/connect.php on line 14
[04-Jun-2018 17:39:12 Asia/Kolkata] PHP Warning:  mysqli_query() expects parameter 1 to be mysqli, boolean given in /home/searchke/public_html/insert.php on line 8
[04-Jun-2018 17:39:12 Asia/Kolkata] PHP Warning:  mysqli_error() expects exactly 1 parameter, 0 given in /home/searchke/public_html/insert.php on line 12
[05-Jun-2018 10:48:10 Asia/Kolkata] PHP Warning:  mysqli_connect(): (28000/1045): Access denied for user 'searchkero_vinayak'@'localhost' (using password: YES) in /home/searchke/public_html/connect.php on line 12
[05-Jun-2018 10:48:10 Asia/Kolkata] PHP Notice:  Use of undefined constant mysqli_connect_error - assumed 'mysqli_connect_error' in /home/searchke/public_html/connect.php on line 14
[19-Jun-2018 11:42:15 Asia/Kolkata] PHP Warning:  mysqli_connect(): (28000/1045): Access denied for user 'searchkero_vinayak'@'localhost' (using password: YES) in /home/searchke/public_html/connect.php on line 12
[19-Jun-2018 11:42:15 Asia/Kolkata] PHP Notice:  Use of undefined constant mysqli_connect_error - assumed 'mysqli_connect_error' in /home/searchke/public_html/connect.php on line 14
[19-Jun-2018 11:42:15 Asia/Kolkata] PHP Notice:  Undefined index: name in /home/searchke/public_html/insert.php on line 3
[19-Jun-2018 11:42:15 Asia/Kolkata] PHP Notice:  Undefined index: email in /home/searchke/public_html/insert.php on line 5
[19-Jun-2018 11:42:15 Asia/Kolkata] PHP Warning:  mysqli_query() expects parameter 1 to be mysqli, boolean given in /home/searchke/public_html/insert.php on line 8
[19-Jun-2018 11:42:15 Asia/Kolkata] PHP Warning:  mysqli_error() expects exactly 1 parameter, 0 given in /home/searchke/public_html/insert.php on line 12
[26-Jun-2018 12:25:15 Asia/Kolkata] PHP Warning:  mysqli_connect(): (28000/1045): Access denied for user 'searchkero_vinayak'@'localhost' (using password: YES) in /home/searchke/public_html/connect.php on line 12
[26-Jun-2018 12:25:15 Asia/Kolkata] PHP Notice:  Use of undefined constant mysqli_connect_error - assumed 'mysqli_connect_error' in /home/searchke/public_html/connect.php on line 14
[26-Jun-2018 12:25:15 Asia/Kolkata] PHP Warning:  mysqli_query() expects parameter 1 to be mysqli, boolean given in /home/searchke/public_html/fetch.php on line 5
[26-Jun-2018 12:25:15 Asia/Kolkata] PHP Warning:  mysqli_fetch_array() expects parameter 1 to be mysqli_result, null given in /home/searchke/public_html/fetch.php on line 6
[26-Jun-2018 12:25:15 Asia/Kolkata] PHP Warning:  mysqli_connect(): (28000/1045): Access denied for user 'searchkero_vinayak'@'localhost' (using password: YES) in /home/searchke/public_html/connect.php on line 12
[26-Jun-2018 12:25:15 Asia/Kolkata] PHP Notice:  Use of undefined constant mysqli_connect_error - assumed 'mysqli_connect_error' in /home/searchke/public_html/connect.php on line 14
[26-Jun-2018 12:25:15 Asia/Kolkata] PHP Notice:  Undefined index: name in /home/searchke/public_html/insert.php on line 3
[26-Jun-2018 12:25:15 Asia/Kolkata] PHP Notice:  Undefined index: email in /home/searchke/public_html/insert.php on line 5
[26-Jun-2018 12:25:15 Asia/Kolkata] PHP Warning:  mysqli_query() expects parameter 1 to be mysqli, boolean given in /home/searchke/public_html/insert.php on line 8
[26-Jun-2018 12:25:15 Asia/Kolkata] PHP Warning:  mysqli_error() expects exactly 1 parameter, 0 given in /home/searchke/public_html/insert.php on line 12
[26-Jun-2018 12:25:16 Asia/Kolkata] PHP Warning:  mysqli_connect(): (28000/1045): Access denied for user 'searchkero_vinayak'@'localhost' (using password: YES) in /home/searchke/public_html/connect.php on line 12
[26-Jun-2018 12:25:16 Asia/Kolkata] PHP Notice:  Use of undefined constant mysqli_connect_error - assumed 'mysqli_connect_error' in /home/searchke/public_html/connect.php on line 14
[26-Jun-2018 12:25:16 Asia/Kolkata] PHP Notice:  Undefined index: name in /home/searchke/public_html/insert.php on line 3
[26-Jun-2018 12:25:16 Asia/Kolkata] PHP Notice:  Undefined index: email in /home/searchke/public_html/insert.php on line 5
[26-Jun-2018 12:25:16 Asia/Kolkata] PHP Warning:  mysqli_query() expects parameter 1 to be mysqli, boolean given in /home/searchke/public_html/insert.php on line 8
[26-Jun-2018 12:25:16 Asia/Kolkata] PHP Warning:  mysqli_error() expects exactly 1 parameter, 0 given in /home/searchke/public_html/insert.php on line 12
[26-Jun-2018 12:25:21 Asia/Kolkata] PHP Warning:  mysqli_connect(): (28000/1045): Access denied for user 'searchkero_vinayak'@'localhost' (using password: YES) in /home/searchke/public_html/connect.php on line 12
[26-Jun-2018 12:25:21 Asia/Kolkata] PHP Notice:  Use of undefined constant mysqli_connect_error - assumed 'mysqli_connect_error' in /home/searchke/public_html/connect.php on line 14
[26-Jun-2018 12:25:21 Asia/Kolkata] PHP Warning:  mysqli_query() expects parameter 1 to be mysqli, boolean given in /home/searchke/public_html/fetch.php on line 5
[26-Jun-2018 12:25:21 Asia/Kolkata] PHP Warning:  mysqli_fetch_array() expects parameter 1 to be mysqli_result, null given in /home/searchke/public_html/fetch.php on line 6
[04-Jul-2018 11:06:32 Asia/Kolkata] PHP Warning:  mysqli_connect(): (42000/1044): Access denied for user 'searchke_nita'@'localhost' to database 'NITA' in /home/searchke/public_html/connect.php on line 7
[10-Jul-2018 17:57:00 Asia/Kolkata] PHP Parse error:  syntax error, unexpected '"connect.php"' (T_CONSTANT_ENCAPSED_STRING), expecting variable (T_VARIABLE) or '$' in /home/searchke/public_html/insert.php on line 2
[11-Jul-2018 16:47:06 Asia/Kolkata] PHP Parse error:  syntax error, unexpected '$password' (T_VARIABLE) in /home/searchke/public_html/connect.php on line 3
[11-Jul-2018 16:47:14 Asia/Kolkata] PHP Parse error:  syntax error, unexpected '$password' (T_VARIABLE) in /home/searchke/public_html/connect.php on line 3
[28-Jul-2018 00:47:46 Asia/Kolkata] PHP Parse error:  syntax error, unexpected '"connect.php"' (T_CONSTANT_ENCAPSED_STRING), expecting variable (T_VARIABLE) or '$' in /home/searchke/public_html/insert.php on line 2
[29-Jul-2018 13:52:57 Asia/Kolkata] PHP Parse error:  syntax error, unexpected 'connect' (T_STRING), expecting variable (T_VARIABLE) or '$' in /home/searchke/public_html/sudha.php on line 7
[29-Jul-2018 13:53:53 Asia/Kolkata] PHP Parse error:  syntax error, unexpected '=' in /home/searchke/public_html/w.php on line 12
[29-Jul-2018 13:58:56 Asia/Kolkata] PHP Parse error:  syntax error, unexpected '$password' (T_VARIABLE) in /home/searchke/public_html/connect.php on line 3
[29-Jul-2018 13:59:00 Asia/Kolkata] PHP Warning:  mysqli_connect(): (HY000/2005): Unknown MySQL server host 'searchke_manohar' (0) in /home/searchke/public_html/connects.php on line 6
[29-Jul-2018 13:59:00 Asia/Kolkata] PHP Notice:  Use of undefined constant mysqli - assumed 'mysqli' in /home/searchke/public_html/connects.php on line 8
[29-Jul-2018 13:59:00 Asia/Kolkata] PHP Fatal error:  Call to undefined function connect_error() in /home/searchke/public_html/connects.php on line 8
[29-Jul-2018 13:59:57 Asia/Kolkata] PHP Notice:  Undefined index: name in /home/searchke/public_html/employee.php on line 3
[29-Jul-2018 13:59:57 Asia/Kolkata] PHP Notice:  Undefined index: password in /home/searchke/public_html/employee.php on line 4
[29-Jul-2018 13:59:57 Asia/Kolkata] PHP Warning:  mysqli_fetch_assoc() expects parameter 1 to be mysqli_result, boolean given in /home/searchke/public_html/employee.php on line 14
[29-Jul-2018 13:59:57 Asia/Kolkata] PHP Notice:  Undefined variable: rows in /home/searchke/public_html/employee.php on line 17
[29-Jul-2018 14:00:10 Asia/Kolkata] PHP Parse error:  syntax error, unexpected '$password' (T_VARIABLE) in /home/searchke/public_html/connect.php on line 3
[29-Jul-2018 14:01:35 Asia/Kolkata] PHP Parse error:  syntax error, unexpected '"connect.php"' (T_CONSTANT_ENCAPSED_STRING), expecting variable (T_VARIABLE) or '$' in /home/searchke/public_html/insert.php on line 2
[29-Jul-2018 14:01:39 Asia/Kolkata] PHP Parse error:  syntax error, unexpected 'into' (T_STRING) in /home/searchke/public_html/inserts.php on line 8
[30-Jul-2018 05:50:37 Asia/Kolkata] PHP Parse error:  syntax error, unexpected '$password' (T_VARIABLE) in /home/searchke/public_html/connect.php on line 3
[30-Jul-2018 05:50:39 Asia/Kolkata] PHP Warning:  mysqli_connect(): (HY000/2005): Unknown MySQL server host 'searchke_manohar' (0) in /home/searchke/public_html/connects.php on line 6
[30-Jul-2018 05:50:39 Asia/Kolkata] PHP Notice:  Use of undefined constant mysqli - assumed 'mysqli' in /home/searchke/public_html/connects.php on line 8
[30-Jul-2018 05:50:39 Asia/Kolkata] PHP Fatal error:  Call to undefined function connect_error() in /home/searchke/public_html/connects.php on line 8
[30-Jul-2018 05:51:19 Asia/Kolkata] PHP Notice:  Undefined index: name in /home/searchke/public_html/employee.php on line 3
[30-Jul-2018 05:51:19 Asia/Kolkata] PHP Notice:  Undefined index: password in /home/searchke/public_html/employee.php on line 4
[30-Jul-2018 05:51:19 Asia/Kolkata] PHP Warning:  mysqli_fetch_assoc() expects parameter 1 to be mysqli_result, boolean given in /home/searchke/public_html/employee.php on line 14
[30-Jul-2018 05:51:19 Asia/Kolkata] PHP Notice:  Undefined variable: rows in /home/searchke/public_html/employee.php on line 17
[30-Jul-2018 05:51:32 Asia/Kolkata] PHP Parse error:  syntax error, unexpected '$password' (T_VARIABLE) in /home/searchke/public_html/connect.php on line 3
[30-Jul-2018 05:52:30 Asia/Kolkata] PHP Parse error:  syntax error, unexpected '"connect.php"' (T_CONSTANT_ENCAPSED_STRING), expecting variable (T_VARIABLE) or '$' in /home/searchke/public_html/insert.php on line 2
[30-Jul-2018 05:52:33 Asia/Kolkata] PHP Parse error:  syntax error, unexpected 'into' (T_STRING) in /home/searchke/public_html/inserts.php on line 8
[30-Jul-2018 05:56:42 Asia/Kolkata] PHP Parse error:  syntax error, unexpected 'connect' (T_STRING), expecting variable (T_VARIABLE) or '$' in /home/searchke/public_html/sudha.php on line 7
[30-Jul-2018 05:57:37 Asia/Kolkata] PHP Parse error:  syntax error, unexpected '=' in /home/searchke/public_html/w.php on line 12
[31-Jul-2018 00:09:10 Asia/Kolkata] PHP Parse error:  syntax error, unexpected '$password' (T_VARIABLE) in /home/searchke/public_html/connect.php on line 3
[31-Jul-2018 00:09:17 Asia/Kolkata] PHP Parse error:  syntax error, unexpected '$password' (T_VARIABLE) in /home/searchke/public_html/connect.php on line 3
[31-Jul-2018 00:09:19 Asia/Kolkata] PHP Parse error:  syntax error, unexpected '$password' (T_VARIABLE) in /home/searchke/public_html/connect.php on line 3
[31-Jul-2018 00:09:21 Asia/Kolkata] PHP Parse error:  syntax error, unexpected '$password' (T_VARIABLE) in /home/searchke/public_html/connect.php on line 3
[31-Jul-2018 00:09:25 Asia/Kolkata] PHP Parse error:  syntax error, unexpected '$password' (T_VARIABLE) in /home/searchke/public_html/connect.php on line 3
[31-Jul-2018 00:09:28 Asia/Kolkata] PHP Parse error:  syntax error, unexpected '$password' (T_VARIABLE) in /home/searchke/public_html/connect.php on line 3
[05-Aug-2018 05:09:48 Asia/Kolkata] PHP Parse error:  syntax error, unexpected '"connect.php"' (T_CONSTANT_ENCAPSED_STRING), expecting variable (T_VARIABLE) or '$' in /home/searchke/public_html/insert.php on line 2
[06-Aug-2018 13:53:29 Asia/Kolkata] PHP Parse error:  syntax error, unexpected '$password' (T_VARIABLE) in /home/searchke/public_html/connect.php on line 3
[06-Aug-2018 23:50:59 Asia/Kolkata] PHP Parse error:  syntax error, unexpected '"connect.php"' (T_CONSTANT_ENCAPSED_STRING), expecting variable (T_VARIABLE) or '$' in /home/searchke/public_html/insert.php on line 2
[15-Aug-2018 06:32:25 Asia/Kolkata] PHP Parse error:  syntax error, unexpected '$password' (T_VARIABLE) in /home/searchke/public_html/connect.php on line 3
[23-Aug-2018 06:07:29 Asia/Kolkata] PHP Parse error:  syntax error, unexpected '$password' (T_VARIABLE) in /home/searchke/public_html/connect.php on line 3
[03-Sep-2018 00:43:54 Asia/Kolkata] PHP Notice:  Undefined index: name in /home/searchke/public_html/employee.php on line 3
[03-Sep-2018 00:43:54 Asia/Kolkata] PHP Notice:  Undefined index: password in /home/searchke/public_html/employee.php on line 4
[03-Sep-2018 00:43:54 Asia/Kolkata] PHP Warning:  mysqli_fetch_assoc() expects parameter 1 to be mysqli_result, boolean given in /home/searchke/public_html/employee.php on line 14
[03-Sep-2018 00:43:54 Asia/Kolkata] PHP Notice:  Undefined variable: rows in /home/searchke/public_html/employee.php on line 17
[03-Sep-2018 00:44:29 Asia/Kolkata] PHP Warning:  mysqli_connect(): (HY000/2005): Unknown MySQL server host 'searchke_manohar' (0) in /home/searchke/public_html/connects.php on line 6
[03-Sep-2018 00:44:29 Asia/Kolkata] PHP Notice:  Use of undefined constant mysqli - assumed 'mysqli' in /home/searchke/public_html/connects.php on line 8
[03-Sep-2018 00:44:29 Asia/Kolkata] PHP Fatal error:  Call to undefined function connect_error() in /home/searchke/public_html/connects.php on line 8
[03-Sep-2018 00:45:33 Asia/Kolkata] PHP Parse error:  syntax error, unexpected '$password' (T_VARIABLE) in /home/searchke/public_html/connect.php on line 3
[03-Sep-2018 00:45:41 Asia/Kolkata] PHP Parse error:  syntax error, unexpected '$password' (T_VARIABLE) in /home/searchke/public_html/connect.php on line 3
[03-Sep-2018 00:46:00 Asia/Kolkata] PHP Parse error:  syntax error, unexpected '"connect.php"' (T_CONSTANT_ENCAPSED_STRING), expecting variable (T_VARIABLE) or '$' in /home/searchke/public_html/insert.php on line 2
[03-Sep-2018 00:46:03 Asia/Kolkata] PHP Parse error:  syntax error, unexpected 'into' (T_STRING) in /home/searchke/public_html/inserts.php on line 8
[03-Sep-2018 00:46:04 Asia/Kolkata] PHP Parse error:  syntax error, unexpected 'connect' (T_STRING), expecting variable (T_VARIABLE) or '$' in /home/searchke/public_html/sudha.php on line 7
[03-Sep-2018 00:46:04 Asia/Kolkata] PHP Parse error:  syntax error, unexpected '=' in /home/searchke/public_html/w.php on line 12
[05-Sep-2018 19:53:36 Asia/Kolkata] PHP Warning:  mysqli_connect(): (HY000/2005): Unknown MySQL server host 'searchke_manohar' (0) in /home/searchke/public_html/connects.php on line 6
[05-Sep-2018 19:53:36 Asia/Kolkata] PHP Notice:  Use of undefined constant mysqli - assumed 'mysqli' in /home/searchke/public_html/connects.php on line 8
[05-Sep-2018 19:53:36 Asia/Kolkata] PHP Fatal error:  Call to undefined function connect_error() in /home/searchke/public_html/connects.php on line 8
[05-Sep-2018 19:59:25 Asia/Kolkata] PHP Parse error:  syntax error, unexpected '=' in /home/searchke/public_html/w.php on line 12
[05-Sep-2018 19:59:26 Asia/Kolkata] PHP Parse error:  syntax error, unexpected 'connect' (T_STRING), expecting variable (T_VARIABLE) or '$' in /home/searchke/public_html/sudha.php on line 7
[05-Sep-2018 19:59:27 Asia/Kolkata] PHP Parse error:  syntax error, unexpected 'into' (T_STRING) in /home/searchke/public_html/inserts.php on line 8
[05-Sep-2018 19:59:31 Asia/Kolkata] PHP Parse error:  syntax error, unexpected '"connect.php"' (T_CONSTANT_ENCAPSED_STRING), expecting variable (T_VARIABLE) or '$' in /home/searchke/public_html/insert.php on line 2
[05-Sep-2018 19:59:33 Asia/Kolkata] PHP Parse error:  syntax error, unexpected '$password' (T_VARIABLE) in /home/searchke/public_html/connect.php on line 3
[05-Sep-2018 19:59:35 Asia/Kolkata] PHP Parse error:  syntax error, unexpected '$password' (T_VARIABLE) in /home/searchke/public_html/connect.php on line 3
[07-Sep-2018 19:57:58 Asia/Kolkata] PHP Parse error:  syntax error, unexpected '"connect.php"' (T_CONSTANT_ENCAPSED_STRING), expecting variable (T_VARIABLE) or '$' in /home/searchke/public_html/insert.php on line 2
[19-Sep-2018 11:19:23 Asia/Kolkata] PHP Parse error:  syntax error, unexpected '$password' (T_VARIABLE) in /home/searchke/public_html/connect.php on line 3
[21-Sep-2018 22:29:18 Asia/Kolkata] PHP Notice:  Undefined index: name in /home/searchke/public_html/employee.php on line 3
[21-Sep-2018 22:29:18 Asia/Kolkata] PHP Notice:  Undefined index: password in /home/searchke/public_html/employee.php on line 4
[21-Sep-2018 22:29:18 Asia/Kolkata] PHP Warning:  mysqli_fetch_assoc() expects parameter 1 to be mysqli_result, boolean given in /home/searchke/public_html/employee.php on line 14
[21-Sep-2018 22:29:18 Asia/Kolkata] PHP Notice:  Undefined variable: rows in /home/searchke/public_html/employee.php on line 17
[17-Oct-2018 10:44:45 Asia/Kolkata] PHP Notice:  Undefined index: name in /home/searchke/public_html/employee.php on line 3
[17-Oct-2018 10:44:45 Asia/Kolkata] PHP Notice:  Undefined index: password in /home/searchke/public_html/employee.php on line 4
[17-Oct-2018 10:44:45 Asia/Kolkata] PHP Warning:  mysqli_fetch_assoc() expects parameter 1 to be mysqli_result, boolean given in /home/searchke/public_html/employee.php on line 14
[17-Oct-2018 10:44:45 Asia/Kolkata] PHP Notice:  Undefined variable: rows in /home/searchke/public_html/employee.php on line 17
[18-Oct-2018 12:42:32 Asia/Kolkata] PHP Notice:  Undefined index: name in /home/searchke/public_html/employee.php on line 3
[18-Oct-2018 12:42:32 Asia/Kolkata] PHP Notice:  Undefined index: password in /home/searchke/public_html/employee.php on line 4
[18-Oct-2018 12:42:32 Asia/Kolkata] PHP Warning:  mysqli_fetch_assoc() expects parameter 1 to be mysqli_result, boolean given in /home/searchke/public_html/employee.php on line 14
[18-Oct-2018 12:42:32 Asia/Kolkata] PHP Notice:  Undefined variable: rows in /home/searchke/public_html/employee.php on line 17
[19-Oct-2018 00:54:30 Asia/Kolkata] PHP Parse error:  syntax error, unexpected '$password' (T_VARIABLE) in /home/searchke/public_html/connect.php on line 3
[21-Nov-2018 12:11:21 Asia/Kolkata] PHP Notice:  Undefined index: name in /home/searchke/public_html/employee.php on line 3
[21-Nov-2018 12:11:21 Asia/Kolkata] PHP Notice:  Undefined index: password in /home/searchke/public_html/employee.php on line 4
[21-Nov-2018 12:11:21 Asia/Kolkata] PHP Warning:  mysqli_fetch_assoc() expects parameter 1 to be mysqli_result, boolean given in /home/searchke/public_html/employee.php on line 14
[21-Nov-2018 12:11:21 Asia/Kolkata] PHP Notice:  Undefined variable: rows in /home/searchke/public_html/employee.php on line 17
[21-Nov-2018 21:20:58 Asia/Kolkata] PHP Notice:  Undefined index: name in /home/searchke/public_html/employee.php on line 3
[21-Nov-2018 21:20:58 Asia/Kolkata] PHP Notice:  Undefined index: password in /home/searchke/public_html/employee.php on line 4
[21-Nov-2018 21:20:58 Asia/Kolkata] PHP Warning:  mysqli_fetch_assoc() expects parameter 1 to be mysqli_result, boolean given in /home/searchke/public_html/employee.php on line 14
[21-Nov-2018 21:20:58 Asia/Kolkata] PHP Notice:  Undefined variable: rows in /home/searchke/public_html/employee.php on line 17
